build/app/outputs/mapping/release/seeds.txt
com.serviceji.serviceji.MainActivity: MainActivity()
com.serviceji.serviceji.MainActivity
...
com.google.firebase.iid.Registrar: com.google.firebase.iid.FirebaseInstanceId lambda$getComponents$0$Registrar(com.google.firebase.components.ComponentContainer)
io.github.ponnamkarthik.toast.fluttertoast.R$id: int forever
com.google.firebase.iid.FirebaseInstanceIdReceiver
com.onesignal.RestoreKickoffJobService: RestoreKickoffJobService()
io.flutter.embedding.engine.FlutterJNI: void setPlatformMessageHandler(io.flutter.embedding.engine.dart.PlatformMessageHandler)
com.onesignal.ADMMessageHandler: void onRegistered(java.lang.String)
com.google.android.gms.measurement.AppMeasurement$ConditionalUserProperty: java.lang.Object mValue
io.flutter.view.AccessibilityViewEmbedder: android.view.accessibility.AccessibilityNodeInfo convertToFlutterNode(android.view.accessibility.AccessibilityNodeInfo,int,android.view.View)
com.google.firebase.datatransport.TransportRegistrar
com.google.android.datatransport.cct.internal.NetworkConnectionInfo$NetworkType: com.google.android.datatransport.cct.internal.NetworkConnectionInfo$NetworkType valueOf(java.lang.String)
org.chromium.support_lib_boundary.VisualStateCallbackBoundaryInterface: void onComplete(long)
org.chromium.support_lib_boundary.WebSettingsBoundaryInterface: void setDisabledActionModeMenuItems(int)
io.github.ponnamkarthik.toast.fluttertoast.R$layout: int toast_custom
com.google.android.gms.internal.measurement.zzhy$zzd
io.flutter.embedding.android.FlutterSplashView$SavedState: FlutterSplashView$SavedState(android.os.Parcelable)
org.chromium.support_lib_boundary.WebSettingsBoundaryInterface: void setSafeBrowsingEnabled(boolean)
com.google.android.gms.internal.measurement.zzck$zzc: int zzc
com.onesignal.JobIntentService$CompatWorkEnqueuer: android.os.PowerManager$WakeLock mLaunchWakeLock
com.google.firebase.analytics.connector.internal.AnalyticsConnectorRegistrar: AnalyticsConnectorRegistrar()
com.google.android.gms.internal.measurement.zzcd$zzf: com.google.android.gms.internal.measurement.zzjs zze
com.google.android.gms.internal.measurement.zzcd$zzf: com.google.android.gms.internal.measurement.zzig zzc
androidx.lifecycle.ReportFragment$LifecycleCallbacks: void onActivityDestroyed(android.app.Activity)
com.google.android.gms.common.api.Status: android.os.Parcelable$Creator CREATOR
io.flutter.embedding.android.FlutterSplashView$SavedState: FlutterSplashView$SavedState(android.os.Parcel)
androidx.core.R$dimen: int notification_small_icon_background_padding
io.github.ponnamkarthik.toast.fluttertoast.R$id: int action_container
io.github.ponnamkarthik.toast.fluttertoast.R$drawable: int notification_bg_low_normal
com.onesignal.JobIntentService$WorkEnqueuer: android.content.ComponentName mComponentName
com.google.android.gms.internal.measurement.zzbv$zzb: com.google.android.gms.internal.measurement.zzig zzf
com.onesignal.OSTrigger$OSTriggerOperator: com.onesignal.OSTrigger$OSTriggerOperator[] values()
io.flutter.embedding.engine.FlutterJNI: void setViewportMetrics(float,int,int,int,int,int,int,int,int,int,int,int,int,int,int)
com.google.android.gms.internal.measurement.zzcd$zzk: com.google.android.gms.internal.measurement.zzjs zzk
androidx.browser.R$dimen: int browser_actions_context_menu_min_padding
com.google.android.gms.internal.measurement.zzbv$zzf: int zzc
io.flutter.embedding.engine.FlutterJNI: void detachFromNativeAndReleaseResources()
androidx.lifecycle.Lifecycle$State: androidx.lifecycle.Lifecycle$State valueOf(java.lang.String)
io.flutter.plugins.firebase.crashlytics.FirebaseCrashlyticsTestCrash
androidx.core.R$dimen: int notification_top_pad
io.flutter.plugin.editing.ImeSyncDeferringInsetsCallback: io.flutter.plugin.editing.ImeSyncDeferringInsetsCallback$InsetsListener insetsListener
androidx.lifecycle.ReportFragment$LifecycleCallbacks: void onActivityPreStopped(android.app.Activity)
androidx.cardview.widget.CardView: android.content.res.ColorStateList getCardBackgroundColor()
io.github.ponnamkarthik.toast.fluttertoast.R$id: int accessibility_custom_action_22