build/app/outputs/mapping/release/mapping.txt
# compiler: R8
# compiler_version: 2.0.88
# min_api: 21
# pg_map_id: 6cc339b
# common_typos_disable
...
com.google.android.gms.internal.measurement.zzkr -> c.a.a.b.f.g.z9:
    int zza() -> a
    byte zza(int) -> e
com.google.android.gms.internal.measurement.zzks -> c.a.a.b.f.g.aa:
    com.google.android.gms.internal.measurement.zzks zza -> f
    java.lang.Object[] zzd -> c
    int[] zzc -> b
    boolean zzf -> e
    int zze -> d
    int zzb -> a
    com.google.android.gms.internal.measurement.zzks zza() -> a
    com.google.android.gms.internal.measurement.zzks zza(com.google.android.gms.internal.measurement.zzks,com.google.android.gms.internal.measurement.zzks) -> b
    void zza(int,java.lang.Object) -> c
    void zza(int,java.lang.Object,com.google.android.gms.internal.measurement.zzlm) -> d
    void zza(com.google.android.gms.internal.measurement.zzlm) -> e
    void zza(java.lang.StringBuilder,int) -> f
    com.google.android.gms.internal.measurement.zzks zzb() -> g
    void zzb(com.google.android.gms.internal.measurement.zzlm) -> h
    void zzc() -> i
    int zzd() -> j
    int zze() -> k
com.google.android.gms.internal.measurement.zzkt -> c.a.a.b.f.g.ba:
    java.lang.Object zza() -> a
    void zza(java.lang.Object,int,long) -> b
    void zza(java.lang.Object,int,com.google.android.gms.internal.measurement.zzgp) -> c
    void zza(java.lang.Object,com.google.android.gms.internal.measurement.zzlm) -> d
    void zza(java.lang.Object,java.lang.Object) -> e
    java.lang.Object zzb(java.lang.Object) -> f
    void zzb(java.lang.Object,com.google.android.gms.internal.measurement.zzlm) -> g
    void zzb(java.lang.Object,java.lang.Object) -> h
    java.lang.Object zzc(java.lang.Object,java.lang.Object) -> i
    void zzd(java.lang.Object) -> j
    int zze(java.lang.Object) -> k
    int zzf(java.lang.Object) -> l
com.google.android.gms.internal.measurement.zzku -> c.a.a.b.f.g.ca:
    com.google.android.gms.internal.measurement.zziq zza -> a
    java.util.List zzb() -> b
    com.google.android.gms.internal.measurement.zziq zza(com.google.android.gms.internal.measurement.zzku) -> c
    java.lang.Object zzb(int) -> g
    com.google.android.gms.internal.measurement.zziq h_() -> m
    void zza(com.google.android.gms.internal.measurement.zzgp) -> p
com.google.android.gms.internal.measurement.zzkv -> c.a.a.b.f.g.da:
    java.lang.Object zza() -> a
    void zza(java.lang.Object,int,long) -> b
    void zza(java.lang.Object,int,com.google.android.gms.internal.measurement.zzgp) -> c
    void zza(java.lang.Object,com.google.android.gms.internal.measurement.zzlm) -> d
    void zza(java.lang.Object,java.lang.Object) -> e
    java.lang.Object zzb(java.lang.Object) -> f
    void zzb(java.lang.Object,com.google.android.gms.internal.measurement.zzlm) -> g
    void zzb(java.lang.Object,java.lang.Object) -> h
    java.lang.Object zzc(java.lang.Object,java.lang.Object) -> i
    void zzd(java.lang.Object) -> j
    int zze(java.lang.Object) -> k
    int zzf(java.lang.Object) -> l
    void zza(java.lang.Object,com.google.android.gms.internal.measurement.zzks) -> m
com.google.android.gms.internal.measurement.zzkw -> c.a.a.b.f.g.ea:
    java.util.Iterator zza -> a
    com.google.android.gms.internal.measurement.zzku zzb -> b
com.google.android.gms.internal.measurement.zzkx -> c.a.a.b.f.g.fa:
    java.util.ListIterator zza -> a
    int zzb -> b
    com.google.android.gms.internal.measurement.zzku zzc -> c
com.google.android.gms.internal.measurement.zzky -> c.a.a.b.f.g.ga: