build/app/outputs/mapping/release/usage.txt
com.serviceji.serviceji.R$layout
com.serviceji.serviceji.R$integer
com.serviceji.serviceji.R$xml
com.serviceji.serviceji.R$attr
com.serviceji.serviceji.BuildConfig
com.serviceji.serviceji.R$id
com.serviceji.serviceji.R$style
com.serviceji.serviceji.R
com.serviceji.serviceji.R$mipmap
com.serviceji.serviceji.R$color
com.serviceji.serviceji.R$string
com.serviceji.serviceji.R$raw
com.serviceji.serviceji.R$anim
com.serviceji.serviceji.R$styleable
com.serviceji.serviceji.R$dimen
com.serviceji.serviceji.R$drawable
...
com.google.common.hash.Hashing$1
kotlin.collections.CollectionsKt__MutableCollectionsJVMKt
com.google.common.base.CharMatcher$RangesMatcher
com.google.j2objc.annotations.AutoreleasePool
com.onesignal.BuildConfig
com.google.firebase.installations.AutoValue_InstallationTokenResult$Builder:
    private void <init>(com.google.firebase.installations.InstallationTokenResult)
    synthetic void <init>(com.google.firebase.installations.InstallationTokenResult,com.google.firebase.installations.AutoValue_InstallationTokenResult$1)
kotlin.text.MatcherMatchResult$groups$1
com.google.common.collect.AbstractMapBasedMultimap$KeySet$1
androidx.asynclayoutinflater.view.AsyncLayoutInflater$InflateRequest
com.google.android.gms.common.util.UidVerifier:
    private void <init>()
com.google.common.reflect.Types$JavaVersion
kotlin.coroutines.intrinsics.IntrinsicsKt__IntrinsicsJvmKt
com.google.common.util.concurrent.AbstractCatchingFuture
com.google.android.gms.location.LocationSettingsStatusCodes
androidx.core.hardware.fingerprint.FingerprintManagerCompat$1
com.google.common.collect.ForwardingImmutableSet
com.google.common.annotations.GwtCompatible
androidx.core.graphics.PathUtils
com.google.common.util.concurrent.AbstractScheduledService$ServiceDelegate$3
kotlin.NumbersKt__NumbersKt
kotlin.Triple
com.google.common.collect.Sets$FilteredNavigableSet
io.flutter.embedding.android.FlutterFragment$NewEngineFragmentBuilder
io.flutter.plugin.common.PluginRegistry$PluginRegistrantCallback
kotlin.collections.AbstractMutableSet
io.flutter.plugins.webviewflutter.R$attr
org.jetbrains.annotations.Nls
com.google.common.cache.LongAddables
com.google.common.cache.LocalCache$WriteQueue
androidx.browser.customtabs.CustomTabsIntent$Builder:
    public void <init>()
    public androidx.browser.customtabs.CustomTabsIntent$Builder setToolbarColor(int)
    public androidx.browser.customtabs.CustomTabsIntent$Builder enableUrlBarHiding()
    public androidx.browser.customtabs.CustomTabsIntent$Builder setCloseButtonIcon(android.graphics.Bitmap)
    public androidx.browser.customtabs.CustomTabsIntent$Builder setShowTitle(boolean)
    public androidx.browser.customtabs.CustomTabsIntent$Builder addMenuItem(java.lang.String,android.app.PendingIntent)
    public androidx.browser.customtabs.CustomTabsIntent$Builder addDefaultShareMenuItem()
    public androidx.browser.customtabs.CustomTabsIntent$Builder setActionButton(android.graphics.Bitmap,java.lang.String,android.app.PendingIntent,boolean)
    public androidx.browser.customtabs.CustomTabsIntent$Builder setActionButton(android.graphics.Bitmap,java.lang.String,android.app.PendingIntent)
    public androidx.browser.customtabs.CustomTabsIntent$Builder addToolbarItem(int,android.graphics.Bitmap,java.lang.String,android.app.PendingIntent)
    public androidx.browser.customtabs.CustomTabsIntent$Builder setSecondaryToolbarColor(int)
    public androidx.browser.customtabs.CustomTabsIntent$Builder setSecondaryToolbarViews(android.widget.RemoteViews,int[],android.app.PendingIntent)
    public androidx.browser.customtabs.CustomTabsIntent$Builder setInstantAppsEnabled(boolean)
com.google.common.util.concurrent.AbstractScheduledService$ServiceDelegate$2
com.google.common.collect.TransformedIterator
androidx.print.PrintHelper$PrintBitmapAdapter
kotlin.jvm.internal.MutablePropertyReference1Impl
kotlin.sequences.SequencesKt___SequencesKt$minus$2$iterator$1
kotlin.io.FilesKt__FileReadWriteKt$readLines$1
androidx.core.view.ActionProvider
com.google.common.collect.Iterators$ArrayItr
kotlin.annotation.Retention
com.google.common.primitives.ImmutableDoubleArray$1
kotlin.reflect.KProperty
kotlin.text.CharCategory$Companion$categoryMap$2
com.google.android.gms.common.logging.Logger
com.google.common.base.Platform$JdkPatternCompiler
kotlin.native.concurrent.ThreadLocal